rtAudio.lib(RtAudio.obj) : error LNK2038: 'RuntimeLibrary' の不一致が検出されました。値 'MD_DynamicRelease' が MT_StaticRelease の値 'main.obj' と一致しません。
     ライブラリ bin\kiogood.lib とオブジェクト bin\kiogood.exp を作成中
openframeworksLib.lib(ofLight.obj) : error LNK2001: 外部シンボル ""class boost::system::error_category const & __cdecl boost::system::system_category(void)" (?system_category@system@boost@@YAABVerror_category@12@XZ)" は未解決です。
openframeworksLib.lib(ofGLRenderer.obj) : error LNK2001: 外部シンボル ""class boost::system::error_category const & __cdecl boost::system::system_category(void)" (?system_category@system@boost@@YAABVerror_category@12@XZ)" は未解決です。
openframeworksLib.lib(ofMatrixStack.obj) : error LNK2001: 外部シンボル ""class boost::system::error_category const & __cdecl boost::system::system_category(void)" (?system_category@system@boost@@YAABVerror_category@12@XZ)" は未解決です。
openframeworksLib.lib(ofCamera.obj) : error LNK2001: 外部シンボル ""class boost::system::error_category const & __cdecl boost::system::system_category(void)" (?system_category@system@boost@@YAABVerror_category@12@XZ)" は未解決です。
openframeworksLib.lib(ofThread.obj) : error LNK2001: 外部シンボル ""class boost::system::error_category const & __cdecl boost::system::system_category(void)" (?system_category@system@boost@@YAABVerror_category@12@XZ)" は未解決です。
openframeworksLib.lib(ofFmodSoundPlayer.obj) : error LNK2001: 外部シンボル ""class boost::system::error_category const & __cdecl boost::system::system_category(void)" (?system_category@system@boost@@YAABVerror_category@12@XZ)" は未解決です。
openframeworksLib.lib(ofRtAudioSoundStream.obj) : error LNK2001: 外部シンボル ""class boost::system::error_category const & __cdecl boost::system::system_category(void)" (?system_category@system@boost@@YAABVerror_category@12@XZ)" は未解決です。
openframeworksLib.lib(ofRendererCollection.obj) : error LNK2001: 外部シンボル ""class boost::system::error_category const & __cdecl boost::system::system_category(void)" (?system_category@system@boost@@YAABVerror_category@12@XZ)" は未解決です。
openframeworksLib.lib(ofCairoRenderer.obj) : error LNK2001: 外部シンボル ""class boost::system::error_category const & __cdecl boost::system::system_category(void)" (?system_category@system@boost@@YAABVerror_category@12@XZ)" は未解決です。
openframeworksLib.lib(ofURLFileLoader.obj) : error LNK2001: 外部シンボル ""class boost::system::error_category const & __cdecl boost::system::system_category(void)" (?system_category@system@boost@@YAABVerror_category@12@XZ)" は未解決です。
openframeworksLib.lib(ofTessellator.obj) : error LNK2001: 外部シンボル ""class boost::system::error_category const & __cdecl boost::system::system_category(void)" (?system_category@system@boost@@YAABVerror_category@12@XZ)" は未解決です。
openframeworksLib.lib(of3dGraphics.obj) : error LNK2001: 外部シンボル ""class boost::system::error_category const & __cdecl boost::system::system_category(void)" (?system_category@system@boost@@YAABVerror_category@12@XZ)" は未解決です。
openframeworksLib.lib(ofSoundBaseTypes.obj) : error LNK2001: 外部シンボル ""class boost::system::error_category const & __cdecl boost::system::system_category(void)" (?system_category@system@boost@@YAABVerror_category@12@XZ)" は未解決です。
openframeworksLib.lib(ofGLProgrammableRenderer.obj) : error LNK2001: 外部シンボル ""class boost::system::error_category const & __cdecl boost::system::system_category(void)" (?system_category@system@boost@@YAABVerror_category@12@XZ)" は未解決です。
openframeworksLib.lib(ofBufferObject.obj) : error LNK2001: 外部シンボル ""class boost::system::error_category const & __cdecl boost::system::system_category(void)" (?system_category@system@boost@@YAABVerror_category@12@XZ)" は未解決です。
openframeworksLib.lib(ofSoundPlayer.obj) : error LNK2001: 外部シンボル ""class boost::system::error_category const & __cdecl boost::system::system_category(void)" (?system_category@system@boost@@YAABVerror_category@12@XZ)" は未解決です。
openframeworksLib.lib(ofAppGLFWWindow.obj) : error LNK2001: 外部シンボル ""class boost::system::error_category const & __cdecl boost::system::system_category(void)" (?system_category@system@boost@@YAABVerror_category@12@XZ)" は未解決です。
openframeworksLib.lib(ofTrueTypeFont.obj) : error LNK2001: 外部シンボル ""class boost::system::error_category const & __cdecl boost::system::system_category(void)" (?system_category@system@boost@@YAABVerror_category@12@XZ)" は未解決です。
openframeworksLib.lib(ofBitmapFont.obj) : error LNK2001: 外部シンボル ""class boost::system::error_category const & __cdecl boost::system::system_category(void)" (?system_category@system@boost@@YAABVerror_category@12@XZ)" は未解決です。
openframeworksLib.lib(ofXml.obj) : error LNK2001: 外部シンボル ""class boost::system::error_category const & __cdecl boost::system::system_category(void)" (?system_category@system@boost@@YAABVerror_category@12@XZ)" は未解決です。
openframeworksLib.lib(ofGLUtils.obj) : error LNK2001: 外部シンボル ""class boost::system::error_category const & __cdecl boost::system::system_category(void)" (?system_category@system@boost@@YAABVerror_category@12@XZ)" は未解決です。
openframeworksLib.lib(ofSoundBuffer.obj) : error LNK2001: 外部シンボル ""class boost::system::error_category const & __cdecl boost::system::system_category(void)" (?system_category@system@boost@@YAABVerror_category@12@XZ)" は未解決です。
openframeworksLib.lib(ofVbo.obj) : error LNK2001: 外部シンボル ""class boost::system::error_category const & __cdecl boost::system::system_category(void)" (?system_category@system@boost@@YAABVerror_category@12@XZ)" は未解決です。
openframeworksLib.lib(ofPixels.obj) : error LNK2001: 外部シンボル ""class boost::system::error_category const & __cdecl boost::system::system_category(void)" (?system_category@system@boost@@YAABVerror_category@12@XZ)" は未解決です。
openframeworksLib.lib(ofFileUtils.obj) : error LNK2001: 外部シンボル ""class boost::system::error_category const & __cdecl boost::system::system_category(void)" (?system_category@system@boost@@YAABVerror_category@12@XZ)" は未解決です。
openframeworksLib.lib(ofSoundStream.obj) : error LNK2001: 外部シンボル ""class boost::system::error_category const & __cdecl boost::system::system_category(void)" (?system_category@system@boost@@YAABVerror_category@12@XZ)" は未解決です。
openframeworksLib.lib(ofEvents.obj) : error LNK2001: 外部シンボル ""class boost::system::error_category const & __cdecl boost::system::system_category(void)" (?system_category@system@boost@@YAABVerror_category@12@XZ)" は未解決です。
openframeworksLib.lib(ofMath.obj) : error LNK2001: 外部シンボル ""class boost::system::error_category const & __cdecl boost::system::system_category(void)" (?system_category@system@boost@@YAABVerror_category@12@XZ)" は未解決です。
openframeworksLib.lib(ofGraphics.obj) : error LNK2001: 外部シンボル ""class boost::system::error_category const & __cdecl boost::system::system_category(void)" (?system_category@system@boost@@YAABVerror_category@12@XZ)" は未解決です。
openframeworksLib.lib(ofPath.obj) : error LNK2001: 外部シンボル ""class boost::system::error_category const & __cdecl boost::system::system_category(void)" (?system_category@system@boost@@YAABVerror_category@12@XZ)" は未解決です。
openframeworksLib.lib(ofShader.obj) : error LNK2001: 外部シンボル ""class boost::system::error_category const & __cdecl boost::system::system_category(void)" (?system_category@system@boost@@YAABVerror_category@12@XZ)" は未解決です。
openframeworksLib.lib(ofImage.obj) : error LNK2001: 外部シンボル ""class boost::system::error_category const & __cdecl boost::system::system_category(void)" (?system_category@system@boost@@YAABVerror_category@12@XZ)" は未解決です。
openframeworksLib.lib(ofBaseTypes.obj) : error LNK2001: 外部シンボル ""class boost::system::error_category const & __cdecl boost::system::system_category(void)" (?system_category@system@boost@@YAABVerror_category@12@XZ)" は未解決です。
openframeworksLib.lib(ofAppRunner.obj) : error LNK2001: 外部シンボル ""class boost::system::error_category const & __cdecl boost::system::system_category(void)" (?system_category@system@boost@@YAABVerror_category@12@XZ)" は未解決です。
openframeworksLib.lib(ofNode.obj) : error LNK2001: 外部シンボル ""class boost::system::error_category const & __cdecl boost::system::system_category(void)" (?system_category@system@boost@@YAABVerror_category@12@XZ)" は未解決です。
openframeworksLib.lib(of3dPrimitives.obj) : error LNK2001: 外部シンボル ""class boost::system::error_category const & __cdecl boost::system::system_category(void)" (?system_category@system@boost@@YAABVerror_category@12@XZ)" は未解決です。
openframeworksLib.lib(ofVboMesh.obj) : error LNK2001: 外部シンボル ""class boost::system::error_category const & __cdecl boost::system::system_category(void)" (?system_category@system@boost@@YAABVerror_category@12@XZ)" は未解決です。
openframeworksLib.lib(ofParameter.obj) : error LNK2001: 外部シンボル ""class boost::system::error_category const & __cdecl boost::system::system_category(void)" (?system_category@system@boost@@YAABVerror_category@12@XZ)" は未解決です。
openframeworksLib.lib(ofParameterGroup.obj) : error LNK2001: 外部シンボル ""class boost::system::error_category const & __cdecl boost::system::system_category(void)" (?system_category@system@boost@@YAABVerror_category@12@XZ)" は未解決です。
openframeworksLib.lib(ofTexture.obj) : error LNK2001: 外部シンボル ""class boost::system::error_category const & __cdecl boost::system::system_category(void)" (?system_category@system@boost@@YAABVerror_category@12@XZ)" は未解決です。
openframeworksLib.lib(ofFbo.obj) : error LNK2001: 外部シンボル ""class boost::system::error_category const & __cdecl boost::system::system_category(void)" (?system_category@system@boost@@YAABVerror_category@12@XZ)" は未解決です。
ofxToggle.obj : error LNK2001: 外部シンボル ""class boost::system::error_category const & __cdecl boost::system::system_category(void)" (?system_category@system@boost@@YAABVerror_category@12@XZ)" は未解決です。
openframeworksLib.lib(ofLog.obj) : error LNK2001: 外部シンボル ""class boost::system::error_category const & __cdecl boost::system::system_category(void)" (?system_category@system@boost@@YAABVerror_category@12@XZ)" は未解決です。
openframeworksLib.lib(ofUtils.obj) : error LNK2001: 外部シンボル ""class boost::system::error_category const & __cdecl boost::system::system_category(void)" (?system_category@system@boost@@YAABVerror_category@12@XZ)" は未解決です。
openframeworksLib.lib(ofRectangle.obj) : error LNK2001: 外部シンボル ""class boost::system::error_category const & __cdecl boost::system::system_category(void)" (?system_category@system@boost@@YAABVerror_category@12@XZ)" は未解決です。
ofxLabel.obj : error LNK2001: 外部シンボル ""class boost::system::error_category const & __cdecl boost::system::system_category(void)" (?system_category@system@boost@@YAABVerror_category@12@XZ)" は未解決です。
ofxPanel.obj : error LNK2001: 外部シンボル ""class boost::system::error_category const & __cdecl boost::system::system_category(void)" (?system_category@system@boost@@YAABVerror_category@12@XZ)" は未解決です。
ofxSlider.obj : error LNK2001: 外部シンボル ""class boost::system::error_category const & __cdecl boost::system::system_category(void)" (?system_category@system@boost@@YAABVerror_category@12@XZ)" は未解決です。
ofxSliderGroup.obj : error LNK2001: 外部シンボル ""class boost::system::error_category const & __cdecl boost::system::system_category(void)" (?system_category@system@boost@@YAABVerror_category@12@XZ)" は未解決です。
ofxButton.obj : error LNK2001: 外部シンボル ""class boost::system::error_category const & __cdecl boost::system::system_category(void)" (?system_category@system@boost@@YAABVerror_category@12@XZ)" は未解決です。
ofxColorPicker.obj : error LNK2001: 外部シンボル ""class boost::system::error_category const & __cdecl boost::system::system_category(void)" (?system_category@system@boost@@YAABVerror_category@12@XZ)" は未解決です。
ofxGuiGroup.obj : error LNK2001: 外部シンボル ""class boost::system::error_category const & __cdecl boost::system::system_category(void)" (?system_category@system@boost@@YAABVerror_category@12@XZ)" は未解決です。
ofxInputField.obj : error LNK2001: 外部シンボル ""class boost::system::error_category const & __cdecl boost::system::system_category(void)" (?system_category@system@boost@@YAABVerror_category@12@XZ)" は未解決です。
brushRenderer.obj : error LNK2001: 外部シンボル ""class boost::system::error_category const & __cdecl boost::system::system_category(void)" (?system_category@system@boost@@YAABVerror_category@12@XZ)" は未解決です。
pointsRenderer.obj : error LNK2001: 外部シンボル ""class boost::system::error_category const & __cdecl boost::system::system_category(void)" (?system_category@system@boost@@YAABVerror_category@12@XZ)" は未解決です。
ofxColorGradient.obj : error LNK2001: 外部シンボル ""class boost::system::error_category const & __cdecl boost::system::system_category(void)" (?system_category@system@boost@@YAABVerror_category@12@XZ)" は未解決です。
ofxBaseGui.obj : error LNK2001: 外部シンボル ""class boost::system::error_category const & __cdecl boost::system::system_category(void)" (?system_category@system@boost@@YAABVerror_category@12@XZ)" は未解決です。
main.obj : error LNK2001: 外部シンボル ""class boost::system::error_category const & __cdecl boost::system::system_category(void)" (?system_category@system@boost@@YAABVerror_category@12@XZ)" は未解決です。
ofApp.obj : error LNK2001: 外部シンボル ""class boost::system::error_category const & __cdecl boost::system::system_category(void)" (?system_category@system@boost@@YAABVerror_category@12@XZ)" は未解決です。
ballEmitter.obj : error LNK2001: 外部シンボル ""class boost::system::error_category const & __cdecl boost::system::system_category(void)" (?system_category@system@boost@@YAABVerror_category@12@XZ)" は未解決です。
displayApp.obj : error LNK2001: 外部シンボル ""class boost::system::error_category const & __cdecl boost::system::system_category(void)" (?system_category@system@boost@@YAABVerror_category@12@XZ)" は未解決です。
openframeworksLib.lib(ofLight.obj) : error LNK2001: 外部シンボル ""class boost::system::error_category const & __cdecl boost::system::generic_category(void)" (?generic_category@system@boost@@YAABVerror_category@12@XZ)" は未解決です。
openframeworksLib.lib(ofGLRenderer.obj) : error LNK2001: 外部シンボル ""class boost::system::error_category const & __cdecl boost::system::generic_category(void)" (?generic_category@system@boost@@YAABVerror_category@12@XZ)" は未解決です。
openframeworksLib.lib(ofMatrixStack.obj) : error LNK2001: 外部シンボル ""class boost::system::error_category const & __cdecl boost::system::generic_category(void)" (?generic_category@system@boost@@YAABVerror_category@12@XZ)" は未解決です。
openframeworksLib.lib(ofCamera.obj) : error LNK2001: 外部シンボル ""class boost::system::error_category const & __cdecl boost::system::generic_category(void)" (?generic_category@system@boost@@YAABVerror_category@12@XZ)" は未解決です。
openframeworksLib.lib(ofThread.obj) : error LNK2001: 外部シンボル ""class boost::system::error_category const & __cdecl boost::system::generic_category(void)" (?generic_category@system@boost@@YAABVerror_category@12@XZ)" は未解決です。
openframeworksLib.lib(ofFmodSoundPlayer.obj) : error LNK2001: 外部シンボル ""class boost::system::error_category const & __cdecl boost::system::generic_category(void)" (?generic_category@system@boost@@YAABVerror_category@12@XZ)" は未解決です。
openframeworksLib.lib(ofRtAudioSoundStream.obj) : error LNK2001: 外部シンボル ""class boost::system::error_category const & __cdecl boost::system::generic_category(void)" (?generic_category@system@boost@@YAABVerror_category@12@XZ)" は未解決です。
openframeworksLib.lib(ofRendererCollection.obj) : error LNK2001: 外部シンボル ""class boost::system::error_category const & __cdecl boost::system::generic_category(void)" (?generic_category@system@boost@@YAABVerror_category@12@XZ)" は未解決です。
openframeworksLib.lib(ofCairoRenderer.obj) : error LNK2001: 外部シンボル ""class boost::system::error_category const & __cdecl boost::system::generic_category(void)" (?generic_category@system@boost@@YAABVerror_category@12@XZ)" は未解決です。
openframeworksLib.lib(ofURLFileLoader.obj) : error LNK2001: 外部シンボル ""class boost::system::error_category const & __cdecl boost::system::generic_category(void)" (?generic_category@system@boost@@YAABVerror_category@12@XZ)" は未解決です。
openframeworksLib.lib(ofTessellator.obj) : error LNK2001: 外部シンボル ""class boost::system::error_category const & __cdecl boost::system::generic_category(void)" (?generic_category@system@boost@@YAABVerror_category@12@XZ)" は未解決です。
openframeworksLib.lib(of3dGraphics.obj) : error LNK2001: 外部シンボル ""class boost::system::error_category const & __cdecl boost::system::generic_category(void)" (?generic_category@system@boost@@YAABVerror_category@12@XZ)" は未解決です。
openframeworksLib.lib(ofSoundBaseTypes.obj) : error LNK2001: 外部シンボル ""class boost::system::error_category const & __cdecl boost::system::generic_category(void)" (?generic_category@system@boost@@YAABVerror_category@12@XZ)" は未解決です。
openframeworksLib.lib(ofGLProgrammableRenderer.obj) : error LNK2001: 外部シンボル ""class boost::system::error_category const & __cdecl boost::system::generic_category(void)" (?generic_category@system@boost@@YAABVerror_category@12@XZ)" は未解決です。
openframeworksLib.lib(ofBufferObject.obj) : error LNK2001: 外部シンボル ""class boost::system::error_category const & __cdecl boost::system::generic_category(void)" (?generic_category@system@boost@@YAABVerror_category@12@XZ)" は未解決です。
openframeworksLib.lib(ofSoundPlayer.obj) : error LNK2001: 外部シンボル ""class boost::system::error_category const & __cdecl boost::system::generic_category(void)" (?generic_category@system@boost@@YAABVerror_category@12@XZ)" は未解決です。
openframeworksLib.lib(ofAppGLFWWindow.obj) : error LNK2001: 外部シンボル ""class boost::system::error_category const & __cdecl boost::system::generic_category(void)" (?generic_category@system@boost@@YAABVerror_category@12@XZ)" は未解決です。
openframeworksLib.lib(ofTrueTypeFont.obj) : error LNK2001: 外部シンボル ""class boost::system::error_category const & __cdecl boost::system::generic_category(void)" (?generic_category@system@boost@@YAABVerror_category@12@XZ)" は未解決です。
openframeworksLib.lib(ofBitmapFont.obj) : error LNK2001: 外部シンボル ""class boost::system::error_category const & __cdecl boost::system::generic_category(void)" (?generic_category@system@boost@@YAABVerror_category@12@XZ)" は未解決です。
openframeworksLib.lib(ofXml.obj) : error LNK2001: 外部シンボル ""class boost::system::error_category const & __cdecl boost::system::generic_category(void)" (?generic_category@system@boost@@YAABVerror_category@12@XZ)" は未解決です。
openframeworksLib.lib(ofGLUtils.obj) : error LNK2001: 外部シンボル ""class boost::system::error_category const & __cdecl boost::system::generic_category(void)" (?generic_category@system@boost@@YAABVerror_category@12@XZ)" は未解決です。
openframeworksLib.lib(ofSoundBuffer.obj) : error LNK2001: 外部シンボル ""class boost::system::error_category const & __cdecl boost::system::generic_category(void)" (?generic_category@system@boost@@YAABVerror_category@12@XZ)" は未解決です。
openframeworksLib.lib(ofVbo.obj) : error LNK2001: 外部シンボル ""class boost::system::error_category const & __cdecl boost::system::generic_category(void)" (?generic_category@system@boost@@YAABVerror_category@12@XZ)" は未解決です。
openframeworksLib.lib(ofPixels.obj) : error LNK2001: 外部シンボル ""class boost::system::error_category const & __cdecl boost::system::generic_category(void)" (?generic_category@system@boost@@YAABVerror_category@12@XZ)" は未解決です。
openframeworksLib.lib(ofFileUtils.obj) : error LNK2001: 外部シンボル ""class boost::system::error_category const & __cdecl boost::system::generic_category(void)" (?generic_category@system@boost@@YAABVerror_category@12@XZ)" は未解決です。
openframeworksLib.lib(ofSoundStream.obj) : error LNK2001: 外部シンボル ""class boost::system::error_category const & __cdecl boost::system::generic_category(void)" (?generic_category@system@boost@@YAABVerror_category@12@XZ)" は未解決です。
openframeworksLib.lib(ofEvents.obj) : error LNK2001: 外部シンボル ""class boost::system::error_category const & __cdecl boost::system::generic_category(void)" (?generic_category@system@boost@@YAABVerror_category@12@XZ)" は未解決です。
openframeworksLib.lib(ofMath.obj) : error LNK2001: 外部シンボル ""class boost::system::error_category const & __cdecl boost::system::generic_category(void)" (?generic_category@system@boost@@YAABVerror_category@12@XZ)" は未解決です。
openframeworksLib.lib(ofGraphics.obj) : error LNK2001: 外部シンボル ""class boost::system::error_category const & __cdecl boost::system::generic_category(void)" (?generic_category@system@boost@@YAABVerror_category@12@XZ)" は未解決です。
openframeworksLib.lib(ofPath.obj) : error LNK2001: 外部シンボル ""class boost::system::error_category const & __cdecl boost::system::generic_category(void)" (?generic_category@system@boost@@YAABVerror_category@12@XZ)" は未解決です。
openframeworksLib.lib(ofShader.obj) : error LNK2001: 外部シンボル ""class boost::system::error_category const & __cdecl boost::system::generic_category(void)" (?generic_category@system@boost@@YAABVerror_category@12@XZ)" は未解決です。
openframeworksLib.lib(ofImage.obj) : error LNK2001: 外部シンボル ""class boost::system::error_category const & __cdecl boost::system::generic_category(void)" (?generic_category@system@boost@@YAABVerror_category@12@XZ)" は未解決です。
openframeworksLib.lib(ofBaseTypes.obj) : error LNK2001: 外部シンボル ""class boost::system::error_category const & __cdecl boost::system::generic_category(void)" (?generic_category@system@boost@@YAABVerror_category@12@XZ)" は未解決です。
openframeworksLib.lib(ofAppRunner.obj) : error LNK2001: 外部シンボル ""class boost::system::error_category const & __cdecl boost::system::generic_category(void)" (?generic_category@system@boost@@YAABVerror_category@12@XZ)" は未解決です。
openframeworksLib.lib(ofNode.obj) : error LNK2001: 外部シンボル ""class boost::system::error_category const & __cdecl boost::system::generic_category(void)" (?generic_category@system@boost@@YAABVerror_category@12@XZ)" は未解決です。
openframeworksLib.lib(of3dPrimitives.obj) : error LNK2001: 外部シンボル ""class boost::system::error_category const & __cdecl boost::system::generic_category(void)" (?generic_category@system@boost@@YAABVerror_category@12@XZ)" は未解決です。
openframeworksLib.lib(ofVboMesh.obj) : error LNK2001: 外部シンボル ""class boost::system::error_category const & __cdecl boost::system::generic_category(void)" (?generic_category@system@boost@@YAABVerror_category@12@XZ)" は未解決です。
openframeworksLib.lib(ofParameter.obj) : error LNK2001: 外部シンボル ""class boost::system::error_category const & __cdecl boost::system::generic_category(void)" (?generic_category@system@boost@@YAABVerror_category@12@XZ)" は未解決です。
openframeworksLib.lib(ofParameterGroup.obj) : error LNK2001: 外部シンボル ""class boost::system::error_category const & __cdecl boost::system::generic_category(void)" (?generic_category@system@boost@@YAABVerror_category@12@XZ)" は未解決です。
openframeworksLib.lib(ofTexture.obj) : error LNK2001: 外部シンボル ""class boost::system::error_category const & __cdecl boost::system::generic_category(void)" (?generic_category@system@boost@@YAABVerror_category@12@XZ)" は未解決です。
openframeworksLib.lib(ofFbo.obj) : error LNK2001: 外部シンボル ""class boost::system::error_category const & __cdecl boost::system::generic_category(void)" (?generic_category@system@boost@@YAABVerror_category@12@XZ)" は未解決です。
ofxToggle.obj : error LNK2001: 外部シンボル ""class boost::system::error_category const & __cdecl boost::system::generic_category(void)" (?generic_category@system@boost@@YAABVerror_category@12@XZ)" は未解決です。
openframeworksLib.lib(ofLog.obj) : error LNK2001: 外部シンボル ""class boost::system::error_category const & __cdecl boost::system::generic_category(void)" (?generic_category@system@boost@@YAABVerror_category@12@XZ)" は未解決です。
openframeworksLib.lib(ofUtils.obj) : error LNK2001: 外部シンボル ""class boost::system::error_category const & __cdecl boost::system::generic_category(void)" (?generic_category@system@boost@@YAABVerror_category@12@XZ)" は未解決です。
openframeworksLib.lib(ofRectangle.obj) : error LNK2001: 外部シンボル ""class boost::system::error_category const & __cdecl boost::system::generic_category(void)" (?generic_category@system@boost@@YAABVerror_category@12@XZ)" は未解決です。
ofxLabel.obj : error LNK2001: 外部シンボル ""class boost::system::error_category const & __cdecl boost::system::generic_category(void)" (?generic_category@system@boost@@YAABVerror_category@12@XZ)" は未解決です。
ofxPanel.obj : error LNK2001: 外部シンボル ""class boost::system::error_category const & __cdecl boost::system::generic_category(void)" (?generic_category@system@boost@@YAABVerror_category@12@XZ)" は未解決です。
ofxSlider.obj : error LNK2001: 外部シンボル ""class boost::system::error_category const & __cdecl boost::system::generic_category(void)" (?generic_category@system@boost@@YAABVerror_category@12@XZ)" は未解決です。
ofxSliderGroup.obj : error LNK2001: 外部シンボル ""class boost::system::error_category const & __cdecl boost::system::generic_category(void)" (?generic_category@system@boost@@YAABVerror_category@12@XZ)" は未解決です。
ofxButton.obj : error LNK2001: 外部シンボル ""class boost::system::error_category const & __cdecl boost::system::generic_category(void)" (?generic_category@system@boost@@YAABVerror_category@12@XZ)" は未解決です。
ofxColorPicker.obj : error LNK2001: 外部シンボル ""class boost::system::error_category const & __cdecl boost::system::generic_category(void)" (?generic_category@system@boost@@YAABVerror_category@12@XZ)" は未解決です。
ofxGuiGroup.obj : error LNK2001: 外部シンボル ""class boost::system::error_category const & __cdecl boost::system::generic_category(void)" (?generic_category@system@boost@@YAABVerror_category@12@XZ)" は未解決です。
ofxInputField.obj : error LNK2001: 外部シンボル ""class boost::system::error_category const & __cdecl boost::system::generic_category(void)" (?generic_category@system@boost@@YAABVerror_category@12@XZ)" は未解決です。
brushRenderer.obj : error LNK2001: 外部シンボル ""class boost::system::error_category const & __cdecl boost::system::generic_category(void)" (?generic_category@system@boost@@YAABVerror_category@12@XZ)" は未解決です。
pointsRenderer.obj : error LNK2001: 外部シンボル ""class boost::system::error_category const & __cdecl boost::system::generic_category(void)" (?generic_category@system@boost@@YAABVerror_category@12@XZ)" は未解決です。
ofxColorGradient.obj : error LNK2001: 外部シンボル ""class boost::system::error_category const & __cdecl boost::system::generic_category(void)" (?generic_category@system@boost@@YAABVerror_category@12@XZ)" は未解決です。
ofxBaseGui.obj : error LNK2001: 外部シンボル ""class boost::system::error_category const & __cdecl boost::system::generic_category(void)" (?generic_category@system@boost@@YAABVerror_category@12@XZ)" は未解決です。
main.obj : error LNK2001: 外部シンボル ""class boost::system::error_category const & __cdecl boost::system::generic_category(void)" (?generic_category@system@boost@@YAABVerror_category@12@XZ)" は未解決です。
ofApp.obj : error LNK2001: 外部シンボル ""class boost::system::error_category const & __cdecl boost::system::generic_category(void)" (?generic_category@system@boost@@YAABVerror_category@12@XZ)" は未解決です。
ballEmitter.obj : error LNK2001: 外部シンボル ""class boost::system::error_category const & __cdecl boost::system::generic_category(void)" (?generic_category@system@boost@@YAABVerror_category@12@XZ)" は未解決です。
displayApp.obj : error LNK2001: 外部シンボル ""class boost::system::error_category const & __cdecl boost::system::generic_category(void)" (?generic_category@system@boost@@YAABVerror_category@12@XZ)" は未解決です。
openframeworksLib.lib(ofAppGLFWWindow.obj) : error LNK2001: 外部シンボル ""void __cdecl boost::filesystem::path_traits::convert(char const *,char const *,class std::basic_string<wchar_t,struct std::char_traits<wchar_t>,class std::allocator<wchar_t> > &,class std::codecvt<wchar_t,char,struct _Mbstatet> const &)" (?convert@path_traits@filesystem@boost@@YAXPBD0AAV?$basic_string@_WU?$char_traits@_W@std@@V?$allocator@_W@2@@std@@ABV?$codecvt@_WDU_Mbstatet@@@5@@Z)" は未解決です。
openframeworksLib.lib(ofURLFileLoader.obj) : error LNK2001: 外部シンボル ""void __cdecl boost::filesystem::path_traits::convert(char const *,char const *,class std::basic_string<wchar_t,struct std::char_traits<wchar_t>,class std::allocator<wchar_t> > &,class std::codecvt<wchar_t,char,struct _Mbstatet> const &)" (?convert@path_traits@filesystem@boost@@YAXPBD0AAV?$basic_string@_WU?$char_traits@_W@std@@V?$allocator@_W@2@@std@@ABV?$codecvt@_WDU_Mbstatet@@@5@@Z)" は未解決です。
openframeworksLib.lib(ofCairoRenderer.obj) : error LNK2001: 外部シンボル ""void __cdecl boost::filesystem::path_traits::convert(char const *,char const *,class std::basic_string<wchar_t,struct std::char_traits<wchar_t>,class std::allocator<wchar_t> > &,class std::codecvt<wchar_t,char,struct _Mbstatet> const &)" (?convert@path_traits@filesystem@boost@@YAXPBD0AAV?$basic_string@_WU?$char_traits@_W@std@@V?$allocator@_W@2@@std@@ABV?$codecvt@_WDU_Mbstatet@@@5@@Z)" は未解決です。
openframeworksLib.lib(ofImage.obj) : error LNK2001: 外部シンボル ""void __cdecl boost::filesystem::path_traits::convert(char const *,char const *,class std::basic_string<wchar_t,struct std::char_traits<wchar_t>,class std::allocator<wchar_t> > &,class std::codecvt<wchar_t,char,struct _Mbstatet> const &)" (?convert@path_traits@filesystem@boost@@YAXPBD0AAV?$basic_string@_WU?$char_traits@_W@std@@V?$allocator@_W@2@@std@@ABV?$codecvt@_WDU_Mbstatet@@@5@@Z)" は未解決です。
openframeworksLib.lib(ofFileUtils.obj) : error LNK2001: 外部シンボル ""void __cdecl boost::filesystem::path_traits::convert(char const *,char const *,class std::basic_string<wchar_t,struct std::char_traits<wchar_t>,class std::allocator<wchar_t> > &,class std::codecvt<wchar_t,char,struct _Mbstatet> const &)" (?convert@path_traits@filesystem@boost@@YAXPBD0AAV?$basic_string@_WU?$char_traits@_W@std@@V?$allocator@_W@2@@std@@ABV?$codecvt@_WDU_Mbstatet@@@5@@Z)" は未解決です。
openframeworksLib.lib(ofTrueTypeFont.obj) : error LNK2001: 外部シンボル ""void __cdecl boost::filesystem::path_traits::convert(char const *,char const *,class std::basic_string<wchar_t,struct std::char_traits<wchar_t>,class std::allocator<wchar_t> > &,class std::codecvt<wchar_t,char,struct _Mbstatet> const &)" (?convert@path_traits@filesystem@boost@@YAXPBD0AAV?$basic_string@_WU?$char_traits@_W@std@@V?$allocator@_W@2@@std@@ABV?$codecvt@_WDU_Mbstatet@@@5@@Z)" は未解決です。
openframeworksLib.lib(ofSoundPlayer.obj) : error LNK2001: 外部シンボル ""void __cdecl boost::filesystem::path_traits::convert(char const *,char const *,class std::basic_string<wchar_t,struct std::char_traits<wchar_t>,class std::allocator<wchar_t> > &,class std::codecvt<wchar_t,char,struct _Mbstatet> const &)" (?convert@path_traits@filesystem@boost@@YAXPBD0AAV?$basic_string@_WU?$char_traits@_W@std@@V?$allocator@_W@2@@std@@ABV?$codecvt@_WDU_Mbstatet@@@5@@Z)" は未解決です。
pointsRenderer.obj : error LNK2001: 外部シンボル ""void __cdecl boost::filesystem::path_traits::convert(char const *,char const *,class std::basic_string<wchar_t,struct std::char_traits<wchar_t>,class std::allocator<wchar_t> > &,class std::codecvt<wchar_t,char,struct _Mbstatet> const &)" (?convert@path_traits@filesystem@boost@@YAXPBD0AAV?$basic_string@_WU?$char_traits@_W@std@@V?$allocator@_W@2@@std@@ABV?$codecvt@_WDU_Mbstatet@@@5@@Z)" は未解決です。
ofxBaseGui.obj : error LNK2001: 外部シンボル ""void __cdecl boost::filesystem::path_traits::convert(char const *,char const *,class std::basic_string<wchar_t,struct std::char_traits<wchar_t>,class std::allocator<wchar_t> > &,class std::codecvt<wchar_t,char,struct _Mbstatet> const &)" (?convert@path_traits@filesystem@boost@@YAXPBD0AAV?$basic_string@_WU?$char_traits@_W@std@@V?$allocator@_W@2@@std@@ABV?$codecvt@_WDU_Mbstatet@@@5@@Z)" は未解決です。
openframeworksLib.lib(ofUtils.obj) : error LNK2001: 外部シンボル ""void __cdecl boost::filesystem::path_traits::convert(char const *,char const *,class std::basic_string<wchar_t,struct std::char_traits<wchar_t>,class std::allocator<wchar_t> > &,class std::codecvt<wchar_t,char,struct _Mbstatet> const &)" (?convert@path_traits@filesystem@boost@@YAXPBD0AAV?$basic_string@_WU?$char_traits@_W@std@@V?$allocator@_W@2@@std@@ABV?$codecvt@_WDU_Mbstatet@@@5@@Z)" は未解決です。
openframeworksLib.lib(ofShader.obj) : error LNK2001: 外部シンボル ""void __cdecl boost::filesystem::path_traits::convert(char const *,char const *,class std::basic_string<wchar_t,struct std::char_traits<wchar_t>,class std::allocator<wchar_t> > &,class std::codecvt<wchar_t,char,struct _Mbstatet> const &)" (?convert@path_traits@filesystem@boost@@YAXPBD0AAV?$basic_string@_WU?$char_traits@_W@std@@V?$allocator@_W@2@@std@@ABV?$codecvt@_WDU_Mbstatet@@@5@@Z)" は未解決です。
main.obj : error LNK2001: 外部シンボル ""void __cdecl boost::filesystem::path_traits::convert(char const *,char const *,class std::basic_string<wchar_t,struct std::char_traits<wchar_t>,class std::allocator<wchar_t> > &,class std::codecvt<wchar_t,char,struct _Mbstatet> const &)" (?convert@path_traits@filesystem@boost@@YAXPBD0AAV?$basic_string@_WU?$char_traits@_W@std@@V?$allocator@_W@2@@std@@ABV?$codecvt@_WDU_Mbstatet@@@5@@Z)" は未解決です。
ofApp.obj : error LNK2001: 外部シンボル ""void __cdecl boost::filesystem::path_traits::convert(char const *,char const *,class std::basic_string<wchar_t,struct std::char_traits<wchar_t>,class std::allocator<wchar_t> > &,class std::codecvt<wchar_t,char,struct _Mbstatet> const &)" (?convert@path_traits@filesystem@boost@@YAXPBD0AAV?$basic_string@_WU?$char_traits@_W@std@@V?$allocator@_W@2@@std@@ABV?$codecvt@_WDU_Mbstatet@@@5@@Z)" は未解決です。
ballEmitter.obj : error LNK2001: 外部シンボル ""void __cdecl boost::filesystem::path_traits::convert(char const *,char const *,class std::basic_string<wchar_t,struct std::char_traits<wchar_t>,class std::allocator<wchar_t> > &,class std::codecvt<wchar_t,char,struct _Mbstatet> const &)" (?convert@path_traits@filesystem@boost@@YAXPBD0AAV?$basic_string@_WU?$char_traits@_W@std@@V?$allocator@_W@2@@std@@ABV?$codecvt@_WDU_Mbstatet@@@5@@Z)" は未解決です。
brushRenderer.obj : error LNK2001: 外部シンボル ""void __cdecl boost::filesystem::path_traits::convert(char const *,char const *,class std::basic_string<wchar_t,struct std::char_traits<wchar_t>,class std::allocator<wchar_t> > &,class std::codecvt<wchar_t,char,struct _Mbstatet> const &)" (?convert@path_traits@filesystem@boost@@YAXPBD0AAV?$basic_string@_WU?$char_traits@_W@std@@V?$allocator@_W@2@@std@@ABV?$codecvt@_WDU_Mbstatet@@@5@@Z)" は未解決です。
openframeworksLib.lib(ofAppGLFWWindow.obj) : error LNK2001: 外部シンボル ""public: static class std::codecvt<wchar_t,char,struct _Mbstatet> const & __cdecl boost::filesystem::path::codecvt(void)" (?codecvt@path@filesystem@boost@@SAABV?$codecvt@_WDU_Mbstatet@@@std@@XZ)" は未解決です。
openframeworksLib.lib(ofURLFileLoader.obj) : error LNK2001: 外部シンボル ""public: static class std::codecvt<wchar_t,char,struct _Mbstatet> const & __cdecl boost::filesystem::path::codecvt(void)" (?codecvt@path@filesystem@boost@@SAABV?$codecvt@_WDU_Mbstatet@@@std@@XZ)" は未解決です。
openframeworksLib.lib(ofCairoRenderer.obj) : error LNK2001: 外部シンボル ""public: static class std::codecvt<wchar_t,char,struct _Mbstatet> const & __cdecl boost::filesystem::path::codecvt(void)" (?codecvt@path@filesystem@boost@@SAABV?$codecvt@_WDU_Mbstatet@@@std@@XZ)" は未解決です。
openframeworksLib.lib(ofImage.obj) : error LNK2001: 外部シンボル ""public: static class std::codecvt<wchar_t,char,struct _Mbstatet> const & __cdecl boost::filesystem::path::codecvt(void)" (?codecvt@path@filesystem@boost@@SAABV?$codecvt@_WDU_Mbstatet@@@std@@XZ)" は未解決です。
openframeworksLib.lib(ofFileUtils.obj) : error LNK2001: 外部シンボル ""public: static class std::codecvt<wchar_t,char,struct _Mbstatet> const & __cdecl boost::filesystem::path::codecvt(void)" (?codecvt@path@filesystem@boost@@SAABV?$codecvt@_WDU_Mbstatet@@@std@@XZ)" は未解決です。
openframeworksLib.lib(ofTrueTypeFont.obj) : error LNK2001: 外部シンボル ""public: static class std::codecvt<wchar_t,char,struct _Mbstatet> const & __cdecl boost::filesystem::path::codecvt(void)" (?codecvt@path@filesystem@boost@@SAABV?$codecvt@_WDU_Mbstatet@@@std@@XZ)" は未解決です。
openframeworksLib.lib(ofSoundPlayer.obj) : error LNK2001: 外部シンボル ""public: static class std::codecvt<wchar_t,char,struct _Mbstatet> const & __cdecl boost::filesystem::path::codecvt(void)" (?codecvt@path@filesystem@boost@@SAABV?$codecvt@_WDU_Mbstatet@@@std@@XZ)" は未解決です。
pointsRenderer.obj : error LNK2001: 外部シンボル ""public: static class std::codecvt<wchar_t,char,struct _Mbstatet> const & __cdecl boost::filesystem::path::codecvt(void)" (?codecvt@path@filesystem@boost@@SAABV?$codecvt@_WDU_Mbstatet@@@std@@XZ)" は未解決です。
ofxBaseGui.obj : error LNK2001: 外部シンボル ""public: static class std::codecvt<wchar_t,char,struct _Mbstatet> const & __cdecl boost::filesystem::path::codecvt(void)" (?codecvt@path@filesystem@boost@@SAABV?$codecvt@_WDU_Mbstatet@@@std@@XZ)" は未解決です。
openframeworksLib.lib(ofUtils.obj) : error LNK2001: 外部シンボル ""public: static class std::codecvt<wchar_t,char,struct _Mbstatet> const & __cdecl boost::filesystem::path::codecvt(void)" (?codecvt@path@filesystem@boost@@SAABV?$codecvt@_WDU_Mbstatet@@@std@@XZ)" は未解決です。
openframeworksLib.lib(ofShader.obj) : error LNK2001: 外部シンボル ""public: static class std::codecvt<wchar_t,char,struct _Mbstatet> const & __cdecl boost::filesystem::path::codecvt(void)" (?codecvt@path@filesystem@boost@@SAABV?$codecvt@_WDU_Mbstatet@@@std@@XZ)" は未解決です。
main.obj : error LNK2001: 外部シンボル ""public: static class std::codecvt<wchar_t,char,struct _Mbstatet> const & __cdecl boost::filesystem::path::codecvt(void)" (?codecvt@path@filesystem@boost@@SAABV?$codecvt@_WDU_Mbstatet@@@std@@XZ)" は未解決です。
ofApp.obj : error LNK2001: 外部シンボル ""public: static class std::codecvt<wchar_t,char,struct _Mbstatet> const & __cdecl boost::filesystem::path::codecvt(void)" (?codecvt@path@filesystem@boost@@SAABV?$codecvt@_WDU_Mbstatet@@@std@@XZ)" は未解決です。
ballEmitter.obj : error LNK2001: 外部シンボル ""public: static class std::codecvt<wchar_t,char,struct _Mbstatet> const & __cdecl boost::filesystem::path::codecvt(void)" (?codecvt@path@filesystem@boost@@SAABV?$codecvt@_WDU_Mbstatet@@@std@@XZ)" は未解決です。
brushRenderer.obj : error LNK2001: 外部シンボル ""public: static class std::codecvt<wchar_t,char,struct _Mbstatet> const & __cdecl boost::filesystem::path::codecvt(void)" (?codecvt@path@filesystem@boost@@SAABV?$codecvt@_WDU_Mbstatet@@@std@@XZ)" は未解決です。
openframeworksLib.lib(ofFileUtils.obj) : error LNK2001: 外部シンボル ""void __cdecl boost::filesystem::path_traits::convert(wchar_t const *,wchar_t const *,class std::basic_string<char,struct std::char_traits<char>,class std::allocator<char> > &,class std::codecvt<wchar_t,char,struct _Mbstatet> const &)" (?convert@path_traits@filesystem@boost@@YAXPB_W0AAV?$basic_string@DU?$char_traits@D@std@@V?$allocator@D@2@@std@@ABV?$codecvt@_WDU_Mbstatet@@@5@@Z)" は未解決です。
openframeworksLib.lib(ofTrueTypeFont.obj) : error LNK2001: 外部シンボル ""void __cdecl boost::filesystem::path_traits::convert(wchar_t const *,wchar_t const *,class std::basic_string<char,struct std::char_traits<char>,class std::allocator<char> > &,class std::codecvt<wchar_t,char,struct _Mbstatet> const &)" (?convert@path_traits@filesystem@boost@@YAXPB_W0AAV?$basic_string@DU?$char_traits@D@std@@V?$allocator@D@2@@std@@ABV?$codecvt@_WDU_Mbstatet@@@5@@Z)" は未解決です。
openframeworksLib.lib(ofAppGLFWWindow.obj) : error LNK2001: 外部シンボル ""void __cdecl boost::filesystem::path_traits::convert(wchar_t const *,wchar_t const *,class std::basic_string<char,struct std::char_traits<char>,class std::allocator<char> > &,class std::codecvt<wchar_t,char,struct _Mbstatet> const &)" (?convert@path_traits@filesystem@boost@@YAXPB_W0AAV?$basic_string@DU?$char_traits@D@std@@V?$allocator@D@2@@std@@ABV?$codecvt@_WDU_Mbstatet@@@5@@Z)" は未解決です。
openframeworksLib.lib(ofURLFileLoader.obj) : error LNK2001: 外部シンボル ""void __cdecl boost::filesystem::path_traits::convert(wchar_t const *,wchar_t const *,class std::basic_string<char,struct std::char_traits<char>,class std::allocator<char> > &,class std::codecvt<wchar_t,char,struct _Mbstatet> const &)" (?convert@path_traits@filesystem@boost@@YAXPB_W0AAV?$basic_string@DU?$char_traits@D@std@@V?$allocator@D@2@@std@@ABV?$codecvt@_WDU_Mbstatet@@@5@@Z)" は未解決です。
ofxBaseGui.obj : error LNK2001: 外部シンボル ""void __cdecl boost::filesystem::path_traits::convert(wchar_t const *,wchar_t const *,class std::basic_string<char,struct std::char_traits<char>,class std::allocator<char> > &,class std::codecvt<wchar_t,char,struct _Mbstatet> const &)" (?convert@path_traits@filesystem@boost@@YAXPB_W0AAV?$basic_string@DU?$char_traits@D@std@@V?$allocator@D@2@@std@@ABV?$codecvt@_WDU_Mbstatet@@@5@@Z)" は未解決です。
openframeworksLib.lib(ofUtils.obj) : error LNK2001: 外部シンボル ""void __cdecl boost::filesystem::path_traits::convert(wchar_t const *,wchar_t const *,class std::basic_string<char,struct std::char_traits<char>,class std::allocator<char> > &,class std::codecvt<wchar_t,char,struct _Mbstatet> const &)" (?convert@path_traits@filesystem@boost@@YAXPB_W0AAV?$basic_string@DU?$char_traits@D@std@@V?$allocator@D@2@@std@@ABV?$codecvt@_WDU_Mbstatet@@@5@@Z)" は未解決です。
openframeworksLib.lib(ofShader.obj) : error LNK2001: 外部シンボル ""void __cdecl boost::filesystem::path_traits::convert(wchar_t const *,wchar_t const *,class std::basic_string<char,struct std::char_traits<char>,class std::allocator<char> > &,class std::codecvt<wchar_t,char,struct _Mbstatet> const &)" (?convert@path_traits@filesystem@boost@@YAXPB_W0AAV?$basic_string@DU?$char_traits@D@std@@V?$allocator@D@2@@std@@ABV?$codecvt@_WDU_Mbstatet@@@5@@Z)" は未解決です。
openframeworksLib.lib(ofImage.obj) : error LNK2001: 外部シンボル ""void __cdecl boost::filesystem::path_traits::convert(wchar_t const *,wchar_t const *,class std::basic_string<char,struct std::char_traits<char>,class std::allocator<char> > &,class std::codecvt<wchar_t,char,struct _Mbstatet> const &)" (?convert@path_traits@filesystem@boost@@YAXPB_W0AAV?$basic_string@DU?$char_traits@D@std@@V?$allocator@D@2@@std@@ABV?$codecvt@_WDU_Mbstatet@@@5@@Z)" は未解決です。
openframeworksLib.lib(ofUtils.obj) : error LNK2001: 外部シンボル ""public: class boost::filesystem::path & __thiscall boost::filesystem::path::operator/=(class boost::filesystem::path const &)" (??_0path@filesystem@boost@@QAEAAV012@ABV012@@Z)" は未解決です。
openframeworksLib.lib(ofFileUtils.obj) : error LNK2001: 外部シンボル ""public: class boost::filesystem::path & __thiscall boost::filesystem::path::operator/=(class boost::filesystem::path const &)" (??_0path@filesystem@boost@@QAEAAV012@ABV012@@Z)" は未解決です。
openframeworksLib.lib(ofUtils.obj) : error LNK2001: 外部シンボル ""public: class boost::filesystem::path & __thiscall boost::filesystem::path::make_preferred(void)" (?make_preferred@path@filesystem@boost@@QAEAAV123@XZ)" は未解決です。
openframeworksLib.lib(ofFileUtils.obj) : error LNK2001: 外部シンボル ""public: class boost::filesystem::path & __thiscall boost::filesystem::path::make_preferred(void)" (?make_preferred@path@filesystem@boost@@QAEAAV123@XZ)" は未解決です。
openframeworksLib.lib(ofUtils.obj) : error LNK2001: 外部シンボル ""public: class std::basic_string<char,struct std::char_traits<char>,class std::allocator<char> > const __thiscall boost::filesystem::path::generic_string(void)const " (?generic_string@path@filesystem@boost@@QBE?BV?$basic_string@DU?$char_traits@D@std@@V?$allocator@D@2@@std@@XZ)" は未解決です。
openframeworksLib.lib(ofUtils.obj) : error LNK2001: 外部シンボル ""public: int __thiscall boost::filesystem::path::compare(class boost::filesystem::path const &)const " (?compare@path@filesystem@boost@@QBEHABV123@@Z)" は未解決です。
openframeworksLib.lib(ofFileUtils.obj) : error LNK2001: 外部シンボル ""public: int __thiscall boost::filesystem::path::compare(class boost::filesystem::path const &)const " (?compare@path@filesystem@boost@@QBEHABV123@@Z)" は未解決です。
openframeworksLib.lib(ofTrueTypeFont.obj) : error LNK2001: 外部シンボル ""public: int __thiscall boost::filesystem::path::compare(class boost::filesystem::path const &)const " (?compare@path@filesystem@boost@@QBEHABV123@@Z)" は未解決です。
openframeworksLib.lib(ofUtils.obj) : error LNK2001: 外部シンボル ""public: class boost::filesystem::path __thiscall boost::filesystem::path::root_name(void)const " (?root_name@path@filesystem@boost@@QBE?AV123@XZ)" は未解決です。
openframeworksLib.lib(ofFileUtils.obj) : error LNK2001: 外部シンボル ""public: class boost::filesystem::path __thiscall boost::filesystem::path::root_name(void)const " (?root_name@path@filesystem@boost@@QBE?AV123@XZ)" は未解決です。
openframeworksLib.lib(ofUtils.obj) : error LNK2001: 外部シンボル ""public: class boost::filesystem::path __thiscall boost::filesystem::path::root_directory(void)const " (?root_directory@path@filesystem@boost@@QBE?AV123@XZ)" は未解決です。
openframeworksLib.lib(ofFileUtils.obj) : error LNK2001: 外部シンボル ""public: class boost::filesystem::path __thiscall boost::filesystem::path::root_directory(void)const " (?root_directory@path@filesystem@boost@@QBE?AV123@XZ)" は未解決です。
openframeworksLib.lib(ofUtils.obj) : error LNK2001: 外部シンボル ""class boost::filesystem::file_status __cdecl boost::filesystem::detail::status(class boost::filesystem::path const &,class boost::system::error_code *)" (?status@detail@filesystem@boost@@YA?AVfile_status@23@ABVpath@23@PAVerror_code@system@3@@Z)" は未解決です。
openframeworksLib.lib(ofFileUtils.obj) : error LNK2001: 外部シンボル ""class boost::filesystem::file_status __cdecl boost::filesystem::detail::status(class boost::filesystem::path const &,class boost::system::error_code *)" (?status@detail@filesystem@boost@@YA?AVfile_status@23@ABVpath@23@PAVerror_code@system@3@@Z)" は未解決です。
openframeworksLib.lib(ofUtils.obj) : error LNK2001: 外部シンボル ""class boost::filesystem::path __cdecl boost::filesystem::detail::canonical(class boost::filesystem::path const &,class boost::filesystem::path const &,class boost::system::error_code *)" (?canonical@detail@filesystem@boost@@YA?AVpath@23@ABV423@0PAVerror_code@system@3@@Z)" は未解決です。
openframeworksLib.lib(ofFileUtils.obj) : error LNK2001: 外部シンボル ""class boost::filesystem::path __cdecl boost::filesystem::detail::canonical(class boost::filesystem::path const &,class boost::filesystem::path const &,class boost::system::error_code *)" (?canonical@detail@filesystem@boost@@YA?AVpath@23@ABV423@0PAVerror_code@system@3@@Z)" は未解決です。
openframeworksLib.lib(ofUtils.obj) : error LNK2001: 外部シンボル ""class boost::filesystem::path __cdecl boost::filesystem::detail::current_path(class boost::system::error_code *)" (?current_path@detail@filesystem@boost@@YA?AVpath@23@PAVerror_code@system@3@@Z)" は未解決です。
openframeworksLib.lib(ofFileUtils.obj) : error LNK2001: 外部シンボル ""class boost::filesystem::path __cdecl boost::filesystem::detail::current_path(class boost::system::error_code *)" (?current_path@detail@filesystem@boost@@YA?AVpath@23@PAVerror_code@system@3@@Z)" は未解決です。
openframeworksLib.lib(ofUtils.obj) : error LNK2001: 外部シンボル ""void __cdecl boost::filesystem::detail::current_path(class boost::filesystem::path const &,class boost::system::error_code *)" (?current_path@detail@filesystem@boost@@YAXABVpath@23@PAVerror_code@system@3@@Z)" は未解決です。
openframeworksLib.lib(ofUtils.obj) : error LNK2001: 外部シンボル ""class boost::filesystem::path __cdecl boost::filesystem::absolute(class boost::filesystem::path const &,class boost::filesystem::path const &)" (?absolute@filesystem@boost@@YA?AVpath@12@ABV312@0@Z)" は未解決です。
openframeworksLib.lib(ofFileUtils.obj) : error LNK2001: 外部シンボル ""class boost::filesystem::path __cdecl boost::filesystem::absolute(class boost::filesystem::path const &,class boost::filesystem::path const &)" (?absolute@filesystem@boost@@YA?AVpath@12@ABV312@0@Z)" は未解決です。
openframeworksLib.lib(ofFileUtils.obj) : error LNK2001: 外部シンボル ""public: class boost::filesystem::path __thiscall boost::filesystem::path::parent_path(void)const " (?parent_path@path@filesystem@boost@@QBE?AV123@XZ)" は未解決です。
openframeworksLib.lib(ofFileUtils.obj) : error LNK2001: 外部シンボル ""public: class boost::filesystem::path __thiscall boost::filesystem::path::filename(void)const " (?filename@path@filesystem@boost@@QBE?AV123@XZ)" は未解決です。
openframeworksLib.lib(ofFileUtils.obj) : error LNK2001: 外部シンボル ""public: class boost::filesystem::path __thiscall boost::filesystem::path::stem(void)const " (?stem@path@filesystem@boost@@QBE?AV123@XZ)" は未解決です。
openframeworksLib.lib(ofFileUtils.obj) : error LNK2001: 外部シンボル ""public: class boost::filesystem::path __thiscall boost::filesystem::path::extension(void)const " (?extension@path@filesystem@boost@@QBE?AV123@XZ)" は未解決です。
openframeworksLib.lib(ofFileUtils.obj) : error LNK2001: 外部シンボル ""public: class boost::filesystem::path::iterator __thiscall boost::filesystem::path::begin(void)const " (?begin@path@filesystem@boost@@QBE?AViterator@123@XZ)" は未解決です。
openframeworksLib.lib(ofFileUtils.obj) : error LNK2001: 外部シンボル ""public: class boost::filesystem::path::iterator __thiscall boost::filesystem::path::end(void)const " (?end@path@filesystem@boost@@QBE?AViterator@123@XZ)" は未解決です。
openframeworksLib.lib(ofFileUtils.obj) : error LNK2001: 外部シンボル ""private: unsigned int __thiscall boost::filesystem::path::m_append_separator_if_needed(void)" (?m_append_separator_if_needed@path@filesystem@boost@@AAEIXZ)" は未解決です。
openframeworksLib.lib(ofFileUtils.obj) : error LNK2001: 外部シンボル ""private: void __thiscall boost::filesystem::path::m_erase_redundant_separator(unsigned int)" (?m_erase_redundant_separator@path@filesystem@boost@@AAEXI@Z)" は未解決です。
openframeworksLib.lib(ofFileUtils.obj) : error LNK2001: 外部シンボル ""private: static void __cdecl boost::filesystem::path::m_path_iterator_increment(class boost::filesystem::path::iterator &)" (?m_path_iterator_increment@path@filesystem@boost@@CAXAAViterator@123@@Z)" は未解決です。
openframeworksLib.lib(ofFileUtils.obj) : error LNK2001: 外部シンボル ""class boost::filesystem::file_status __cdecl boost::filesystem::detail::symlink_status(class boost::filesystem::path const &,class boost::system::error_code *)" (?symlink_status@detail@filesystem@boost@@YA?AVfile_status@23@ABVpath@23@PAVerror_code@system@3@@Z)" は未解決です。
openframeworksLib.lib(ofFileUtils.obj) : error LNK2001: 外部シンボル ""void __cdecl boost::filesystem::detail::copy_file(class boost::filesystem::path const &,class boost::filesystem::path const &,enum boost::filesystem::detail::copy_option,class boost::system::error_code *)" (?copy_file@detail@filesystem@boost@@YAXABVpath@23@0W4copy_option@123@PAVerror_code@system@3@@Z)" は未解決です。
openframeworksLib.lib(ofFileUtils.obj) : error LNK2001: 外部シンボル ""bool __cdecl boost::filesystem::detail::create_directories(class boost::filesystem::path const &,class boost::system::error_code *)" (?create_directories@detail@filesystem@boost@@YA_NABVpath@23@PAVerror_code@system@3@@Z)" は未解決です。
openframeworksLib.lib(ofFileUtils.obj) : error LNK2001: 外部シンボル ""bool __cdecl boost::filesystem::detail::create_directory(class boost::filesystem::path const &,class boost::system::error_code *)" (?create_directory@detail@filesystem@boost@@YA_NABVpath@23@PAVerror_code@system@3@@Z)" は未解決です。
openframeworksLib.lib(ofFileUtils.obj) : error LNK2001: 外部シンボル ""unsigned __int64 __cdecl boost::filesystem::detail::file_size(class boost::filesystem::path const &,class boost::system::error_code *)" (?file_size@detail@filesystem@boost@@YA_KABVpath@23@PAVerror_code@system@3@@Z)" は未解決です。
openframeworksLib.lib(ofFileUtils.obj) : error LNK2001: 外部シンボル ""__int64 __cdecl boost::filesystem::detail::last_write_time(class boost::filesystem::path const &,class boost::system::error_code *)" (?last_write_time@detail@filesystem@boost@@YA_JABVpath@23@PAVerror_code@system@3@@Z)" は未解決です。
openframeworksLib.lib(ofFileUtils.obj) : error LNK2001: 外部シンボル ""void __cdecl boost::filesystem::detail::permissions(class boost::filesystem::path const &,enum boost::filesystem::perms,class boost::system::error_code *)" (?permissions@detail@filesystem@boost@@YAXABVpath@23@W4perms@23@PAVerror_code@system@3@@Z)" は未解決です。
openframeworksLib.lib(ofFileUtils.obj) : error LNK2001: 外部シンボル ""bool __cdecl boost::filesystem::detail::remove(class boost::filesystem::path const &,class boost::system::error_code *)" (?remove@detail@filesystem@boost@@YA_NABVpath@23@PAVerror_code@system@3@@Z)" は未解決です。
openframeworksLib.lib(ofFileUtils.obj) : error LNK2001: 外部シンボル ""unsigned __int64 __cdecl boost::filesystem::detail::remove_all(class boost::filesystem::path const &,class boost::system::error_code *)" (?remove_all@detail@filesystem@boost@@YA_KABVpath@23@PAVerror_code@system@3@@Z)" は未解決です。
openframeworksLib.lib(ofFileUtils.obj) : error LNK2001: 外部シンボル ""void __cdecl boost::filesystem::detail::rename(class boost::filesystem::path const &,class boost::filesystem::path const &,class boost::system::error_code *)" (?rename@detail@filesystem@boost@@YAXABVpath@23@0PAVerror_code@system@3@@Z)" は未解決です。
openframeworksLib.lib(ofFileUtils.obj) : error LNK2001: 外部シンボル ""class boost::system::error_code __cdecl boost::filesystem::detail::dir_itr_close(void * &)" (?dir_itr_close@detail@filesystem@boost@@YA?AVerror_code@system@3@AAPAX@Z)" は未解決です。
openframeworksLib.lib(ofFileUtils.obj) : error LNK2001: 外部シンボル ""void __cdecl boost::filesystem::detail::directory_iterator_construct(class boost::filesystem::directory_iterator &,class boost::filesystem::path const &,class boost::system::error_code *)" (?directory_iterator_construct@detail@filesystem@boost@@YAXAAVdirectory_iterator@23@ABVpath@23@PAVerror_code@system@3@@Z)" は未解決です。
openframeworksLib.lib(ofFileUtils.obj) : error LNK2001: 外部シンボル ""void __cdecl boost::filesystem::detail::directory_iterator_increment(class boost::filesystem::directory_iterator &,class boost::system::error_code *)" (?directory_iterator_increment@detail@filesystem@boost@@YAXAAVdirectory_iterator@23@PAVerror_code@system@3@@Z)" は未解決です。
openframeworksLib.lib(ofXml.obj) : error LNK2001: 外部シンボル ""public: __thiscall pugi::xml_attribute::operator void (__cdecl*)(class pugi::xml_attribute * * *)(void)const " (??Bxml_attribute@pugi@@QBEP6AXPAPAPAV01@@ZXZ)" は未解決です。
openframeworksLib.lib(ofXml.obj) : error LNK2001: 外部シンボル ""public: char const * __thiscall pugi::xml_attribute::name(void)const " (?name@xml_attribute@pugi@@QBEPBDXZ)" は未解決です。
openframeworksLib.lib(ofXml.obj) : error LNK2001: 外部シンボル ""public: char const * __thiscall pugi::xml_attribute::as_string(char const *)const " (?as_string@xml_attribute@pugi@@QBEPBDPBD@Z)" は未解決です。
openframeworksLib.lib(ofXml.obj) : error LNK2001: 外部シンボル ""public: int __thiscall pugi::xml_attribute::as_int(int)const " (?as_int@xml_attribute@pugi@@QBEHH@Z)" は未解決です。
openframeworksLib.lib(ofXml.obj) : error LNK2001: 外部シンボル ""public: unsigned int __thiscall pugi::xml_attribute::as_uint(unsigned int)const " (?as_uint@xml_attribute@pugi@@QBEII@Z)" は未解決です。
openframeworksLib.lib(ofXml.obj) : error LNK2001: 外部シンボル ""public: double __thiscall pugi::xml_attribute::as_double(double)const " (?as_double@xml_attribute@pugi@@QBENN@Z)" は未解決です。
openframeworksLib.lib(ofXml.obj) : error LNK2001: 外部シンボル ""public: float __thiscall pugi::xml_attribute::as_float(float)const " (?as_float@xml_attribute@pugi@@QBEMM@Z)" は未解決です。
openframeworksLib.lib(ofXml.obj) : error LNK2001: 外部シンボル ""public: bool __thiscall pugi::xml_attribute::as_bool(bool)const " (?as_bool@xml_attribute@pugi@@QBE_N_N@Z)" は未解決です。
openframeworksLib.lib(ofXml.obj) : error LNK2001: 外部シンボル ""public: bool __thiscall pugi::xml_attribute::set_name(char const *)" (?set_name@xml_attribute@pugi@@QAE_NPBD@Z)" は未解決です。
openframeworksLib.lib(ofXml.obj) : error LNK2001: 外部シンボル ""public: class pugi::xml_attribute __thiscall pugi::xml_attribute::next_attribute(void)const " (?next_attribute@xml_attribute@pugi@@QBE?AV12@XZ)" は未解決です。
openframeworksLib.lib(ofXml.obj) : error LNK2001: 外部シンボル ""public: class pugi::xml_attribute __thiscall pugi::xml_attribute::previous_attribute(void)const " (?previous_attribute@xml_attribute@pugi@@QBE?AV12@XZ)" は未解決です。
openframeworksLib.lib(ofXml.obj) : error LNK2001: 外部シンボル ""public: __thiscall pugi::xml_node::xml_node(void)" (??0xml_node@pugi@@QAE@XZ)" は未解決です。
openframeworksLib.lib(ofXml.obj) : error LNK2001: 外部シンボル ""public: __thiscall pugi::xml_node::operator void (__cdecl*)(class pugi::xml_node * * *)(void)const " (??Bxml_node@pugi@@QBEP6AXPAPAPAV01@@ZXZ)" は未解決です。
openframeworksLib.lib(ofXml.obj) : error LNK2001: 外部シンボル ""public: bool __thiscall pugi::xml_node::operator!(void)const " (??7xml_node@pugi@@QBE_NXZ)" は未解決です。
openframeworksLib.lib(ofXml.obj) : error LNK2001: 外部シンボル ""public: bool __thiscall pugi::xml_node::operator==(class pugi::xml_node const &)const " (??8xml_node@pugi@@QBE_NABV01@@Z)" は未解決です。
openframeworksLib.lib(ofXml.obj) : error LNK2001: 外部シンボル ""public: enum pugi::xml_node_type __thiscall pugi::xml_node::type(void)const " (?type@xml_node@pugi@@QBE?AW4xml_node_type@2@XZ)" は未解決です。
openframeworksLib.lib(ofXml.obj) : error LNK2001: 外部シンボル ""public: char const * __thiscall pugi::xml_node::name(void)const " (?name@xml_node@pugi@@QBEPBDXZ)" は未解決です。
openframeworksLib.lib(ofXml.obj) : error LNK2001: 外部シンボル ""public: class pugi::xml_attribute __thiscall pugi::xml_node::first_attribute(void)const " (?first_attribute@xml_node@pugi@@QBE?AVxml_attribute@2@XZ)" は未解決です。
openframeworksLib.lib(ofXml.obj) : error LNK2001: 外部シンボル ""public: class pugi::xml_attribute __thiscall pugi::xml_node::last_attribute(void)const " (?last_attribute@xml_node@pugi@@QBE?AVxml_attribute@2@XZ)" は未解決です。
openframeworksLib.lib(ofXml.obj) : error LNK2001: 外部シンボル ""public: class pugi::xml_node __thiscall pugi::xml_node::first_child(void)const " (?first_child@xml_node@pugi@@QBE?AV12@XZ)" は未解決です。
openframeworksLib.lib(ofXml.obj) : error LNK2001: 外部シンボル ""public: class pugi::xml_node __thiscall pugi::xml_node::last_child(void)const " (?last_child@xml_node@pugi@@QBE?AV12@XZ)" は未解決です。
openframeworksLib.lib(ofXml.obj) : error LNK2001: 外部シンボル ""public: class pugi::xml_node __thiscall pugi::xml_node::next_sibling(void)const " (?next_sibling@xml_node@pugi@@QBE?AV12@XZ)" は未解決です。
openframeworksLib.lib(ofXml.obj) : error LNK2001: 外部シンボル ""public: class pugi::xml_node __thiscall pugi::xml_node::previous_sibling(void)const " (?previous_sibling@xml_node@pugi@@QBE?AV12@XZ)" は未解決です。
openframeworksLib.lib(ofXml.obj) : error LNK2001: 外部シンボル ""public: class pugi::xml_node __thiscall pugi::xml_node::parent(void)const " (?parent@xml_node@pugi@@QBE?AV12@XZ)" は未解決です。
openframeworksLib.lib(ofXml.obj) : error LNK2001: 外部シンボル ""public: class pugi::xml_node __thiscall pugi::xml_node::root(void)const " (?root@xml_node@pugi@@QBE?AV12@XZ)" は未解決です。
openframeworksLib.lib(ofXml.obj) : error LNK2001: 外部シンボル ""public: class pugi::xml_text __thiscall pugi::xml_node::text(void)const " (?text@xml_node@pugi@@QBE?AVxml_text@2@XZ)" は未解決です。
openframeworksLib.lib(ofXml.obj) : error LNK2001: 外部シンボル ""public: class pugi::xml_node __thiscall pugi::xml_node::child(char const *)const " (?child@xml_node@pugi@@QBE?AV12@PBD@Z)" は未解決です。
openframeworksLib.lib(ofXml.obj) : error LNK2001: 外部シンボル ""public: class pugi::xml_attribute __thiscall pugi::xml_node::attribute(char const *)const " (?attribute@xml_node@pugi@@QBE?AVxml_attribute@2@PBD@Z)" は未解決です。
openframeworksLib.lib(ofXml.obj) : error LNK2001: 外部シンボル ""public: class pugi::xml_node __thiscall pugi::xml_node::next_sibling(char const *)const " (?next_sibling@xml_node@pugi@@QBE?AV12@PBD@Z)" は未解決です。
openframeworksLib.lib(ofXml.obj) : error LNK2001: 外部シンボル ""public: class pugi::xml_node __thiscall pugi::xml_node::previous_sibling(char const *)const " (?previous_sibling@xml_node@pugi@@QBE?AV12@PBD@Z)" は未解決です。
openframeworksLib.lib(ofXml.obj) : error LNK2001: 外部シンボル ""public: bool __thiscall pugi::xml_node::set_name(char const *)" (?set_name@xml_node@pugi@@QAE_NPBD@Z)" は未解決です。
openframeworksLib.lib(ofXml.obj) : error LNK2001: 外部シンボル ""public: bool __thiscall pugi::xml_node::set_value(char const *)" (?set_value@xml_node@pugi@@QAE_NPBD@Z)" は未解決です。
openframeworksLib.lib(ofXml.obj) : error LNK2001: 外部シンボル ""public: class pugi::xml_attribute __thiscall pugi::xml_node::append_attribute(char const *)" (?append_attribute@xml_node@pugi@@QAE?AVxml_attribute@2@PBD@Z)" は未解決です。
openframeworksLib.lib(ofXml.obj) : error LNK2001: 外部シンボル ""public: class pugi::xml_attribute __thiscall pugi::xml_node::prepend_attribute(char const *)" (?prepend_attribute@xml_node@pugi@@QAE?AVxml_attribute@2@PBD@Z)" は未解決です。
openframeworksLib.lib(ofXml.obj) : error LNK2001: 外部シンボル ""public: class pugi::xml_node __thiscall pugi::xml_node::append_child(enum pugi::xml_node_type)" (?append_child@xml_node@pugi@@QAE?AV12@W4xml_node_type@2@@Z)" は未解決です。
openframeworksLib.lib(ofXml.obj) : error LNK2001: 外部シンボル ""public: class pugi::xml_node __thiscall pugi::xml_node::append_child(char const *)" (?append_child@xml_node@pugi@@QAE?AV12@PBD@Z)" は未解決です。
openframeworksLib.lib(ofXml.obj) : error LNK2001: 外部シンボル ""public: class pugi::xml_node __thiscall pugi::xml_node::prepend_child(char const *)" (?prepend_child@xml_node@pugi@@QAE?AV12@PBD@Z)" は未解決です。
openframeworksLib.lib(ofXml.obj) : error LNK2001: 外部シンボル ""public: class pugi::xml_node __thiscall pugi::xml_node::insert_child_after(char const *,class pugi::xml_node const &)" (?insert_child_after@xml_node@pugi@@QAE?AV12@PBDABV12@@Z)" は未解決です。
openframeworksLib.lib(ofXml.obj) : error LNK2001: 外部シンボル ""public: class pugi::xml_node __thiscall pugi::xml_node::insert_child_before(char const *,class pugi::xml_node const &)" (?insert_child_before@xml_node@pugi@@QAE?AV12@PBDABV12@@Z)" は未解決です。
openframeworksLib.lib(ofXml.obj) : error LNK2001: 外部シンボル ""public: class pugi::xml_node __thiscall pugi::xml_node::append_copy(class pugi::xml_node const &)" (?append_copy@xml_node@pugi@@QAE?AV12@ABV12@@Z)" は未解決です。
openframeworksLib.lib(ofXml.obj) : error LNK2001: 外部シンボル ""public: class pugi::xml_node __thiscall pugi::xml_node::prepend_copy(class pugi::xml_node const &)" (?prepend_copy@xml_node@pugi@@QAE?AV12@ABV12@@Z)" は未解決です。
openframeworksLib.lib(ofXml.obj) : error LNK2001: 外部シンボル ""public: class pugi::xml_node __thiscall pugi::xml_node::append_move(class pugi::xml_node const &)" (?append_move@xml_node@pugi@@QAE?AV12@ABV12@@Z)" は未解決です。
openframeworksLib.lib(ofXml.obj) : error LNK2001: 外部シンボル ""public: class pugi::xml_node __thiscall pugi::xml_node::prepend_move(class pugi::xml_node const &)" (?prepend_move@xml_node@pugi@@QAE?AV12@ABV12@@Z)" は未解決です。
openframeworksLib.lib(ofXml.obj) : error LNK2001: 外部シンボル ""public: bool __thiscall pugi::xml_node::remove_attribute(class pugi::xml_attribute const &)" (?remove_attribute@xml_node@pugi@@QAE_NABVxml_attribute@2@@Z)" は未解決です。
openframeworksLib.lib(ofXml.obj) : error LNK2001: 外部シンボル ""public: bool __thiscall pugi::xml_node::remove_child(class pugi::xml_node const &)" (?remove_child@xml_node@pugi@@QAE_NABV12@@Z)" は未解決です。
openframeworksLib.lib(ofXml.obj) : error LNK2001: 外部シンボル ""public: bool __thiscall pugi::xml_node::remove_child(char const *)" (?remove_child@xml_node@pugi@@QAE_NPBD@Z)" は未解決です。
openframeworksLib.lib(ofXml.obj) : error LNK2001: 外部シンボル ""public: class pugi::xpath_node_set __thiscall pugi::xml_node::select_nodes(char const *,class pugi::xpath_variable_set *)const " (?select_nodes@xml_node@pugi@@QBE?AVxpath_node_set@2@PBDPAVxpath_variable_set@2@@Z)" は未解決です。
openframeworksLib.lib(ofXml.obj) : error LNK2001: 外部シンボル ""public: class pugi::xpath_node __thiscall pugi::xml_node::select_single_node(char const *,class pugi::xpath_variable_set *)const " (?select_single_node@xml_node@pugi@@QBE?AVxpath_node@2@PBDPAVxpath_variable_set@2@@Z)" は未解決です。
openframeworksLib.lib(ofXml.obj) : error LNK2001: 外部シンボル ""public: void __thiscall pugi::xml_node::print(class std::basic_ostream<char,struct std::char_traits<char> > &,char const *,unsigned int,enum pugi::xml_encoding,unsigned int)const " (?print@xml_node@pugi@@QBEXAAV?$basic_ostream@DU?$char_traits@D@std@@@std@@PBDIW4xml_encoding@2@I@Z)" は未解決です。
openframeworksLib.lib(ofXml.obj) : error LNK2001: 外部シンボル ""public: class pugi::xml_object_range<class pugi::xml_node_iterator> __thiscall pugi::xml_node::children(void)const " (?children@xml_node@pugi@@QBE?AV?$xml_object_range@Vxml_node_iterator@pugi@@@2@XZ)" は未解決です。
openframeworksLib.lib(ofXml.obj) : error LNK2001: 外部シンボル ""public: class pugi::xml_object_range<class pugi::xml_named_node_iterator> __thiscall pugi::xml_node::children(char const *)const " (?children@xml_node@pugi@@QBE?AV?$xml_object_range@Vxml_named_node_iterator@pugi@@@2@PBD@Z)" は未解決です。
openframeworksLib.lib(ofXml.obj) : error LNK2001: 外部シンボル ""public: class pugi::xml_object_range<class pugi::xml_attribute_iterator> __thiscall pugi::xml_node::attributes(void)const " (?attributes@xml_node@pugi@@QBE?AV?$xml_object_range@Vxml_attribute_iterator@pugi@@@2@XZ)" は未解決です。
openframeworksLib.lib(ofXml.obj) : error LNK2001: 外部シンボル ""public: char const * __thiscall pugi::xml_text::as_string(char const *)const " (?as_string@xml_text@pugi@@QBEPBDPBD@Z)" は未解決です。
openframeworksLib.lib(ofXml.obj) : error LNK2001: 外部シンボル ""public: int __thiscall pugi::xml_text::as_int(int)const " (?as_int@xml_text@pugi@@QBEHH@Z)" は未解決です。
openframeworksLib.lib(ofXml.obj) : error LNK2001: 外部シンボル ""public: unsigned int __thiscall pugi::xml_text::as_uint(unsigned int)const " (?as_uint@xml_text@pugi@@QBEII@Z)" は未解決です。
openframeworksLib.lib(ofXml.obj) : error LNK2001: 外部シンボル ""public: double __thiscall pugi::xml_text::as_double(double)const " (?as_double@xml_text@pugi@@QBENN@Z)" は未解決です。
openframeworksLib.lib(ofXml.obj) : error LNK2001: 外部シンボル ""public: float __thiscall pugi::xml_text::as_float(float)const " (?as_float@xml_text@pugi@@QBEMM@Z)" は未解決です。
openframeworksLib.lib(ofXml.obj) : error LNK2001: 外部シンボル ""public: bool __thiscall pugi::xml_text::as_bool(bool)const " (?as_bool@xml_text@pugi@@QBE_N_N@Z)" は未解決です。
openframeworksLib.lib(ofXml.obj) : error LNK2001: 外部シンボル ""public: __thiscall pugi::xml_parse_result::operator bool(void)const " (??Bxml_parse_result@pugi@@QBE_NXZ)" は未解決です。
openframeworksLib.lib(ofXml.obj) : error LNK2001: 外部シンボル ""public: __thiscall pugi::xml_document::xml_document(void)" (??0xml_document@pugi@@QAE@XZ)" は未解決です。
openframeworksLib.lib(ofXml.obj) : error LNK2001: 外部シンボル ""public: __thiscall pugi::xml_document::~xml_document(void)" (??1xml_document@pugi@@QAE@XZ)" は未解決です。
openframeworksLib.lib(ofXml.obj) : error LNK2001: 外部シンボル ""public: struct pugi::xml_parse_result __thiscall pugi::xml_document::load_string(char const *,unsigned int)" (?load_string@xml_document@pugi@@QAE?AUxml_parse_result@2@PBDI@Z)" は未解決です。
openframeworksLib.lib(ofXml.obj) : error LNK2001: 外部シンボル ""public: struct pugi::xml_parse_result __thiscall pugi::xml_document::load_file(char const *,unsigned int,enum pugi::xml_encoding)" (?load_file@xml_document@pugi@@QAE?AUxml_parse_result@2@PBDIW4xml_encoding@2@@Z)" は未解決です。
openframeworksLib.lib(ofXml.obj) : error LNK2001: 外部シンボル ""public: bool __thiscall pugi::xml_document::save_file(char const *,char const *,unsigned int,enum pugi::xml_encoding)const " (?save_file@xml_document@pugi@@QBE_NPBD0IW4xml_encoding@2@@Z)" は未解決です。
openframeworksLib.lib(ofXml.obj) : error LNK2001: 外部シンボル ""public: class pugi::xml_node __thiscall pugi::xml_document::document_element(void)const " (?document_element@xml_document@pugi@@QBE?AVxml_node@2@XZ)" は未解決です。
openframeworksLib.lib(ofXml.obj) : error LNK2001: 外部シンボル ""public: class pugi::xml_node __thiscall pugi::xpath_node::node(void)const " (?node@xpath_node@pugi@@QBE?AVxml_node@2@XZ)" は未解決です。
openframeworksLib.lib(ofXml.obj) : error LNK2001: 外部シンボル ""public: __thiscall pugi::xpath_node_set::xpath_node_set(void)" (??0xpath_node_set@pugi@@QAE@XZ)" は未解決です。
openframeworksLib.lib(ofXml.obj) : error LNK2001: 外部シンボル ""public: __thiscall pugi::xpath_node_set::~xpath_node_set(void)" (??1xpath_node_set@pugi@@QAE@XZ)" は未解決です。
openframeworksLib.lib(ofXml.obj) : error LNK2001: 外部シンボル ""public: __thiscall pugi::xpath_node_set::xpath_node_set(class pugi::xpath_node_set const &)" (??0xpath_node_set@pugi@@QAE@ABV01@@Z)" は未解決です。
openframeworksLib.lib(ofXml.obj) : error LNK2001: 外部シンボル ""public: enum pugi::xpath_node_set::type_t __thiscall pugi::xpath_node_set::type(void)const " (?type@xpath_node_set@pugi@@QBE?AW4type_t@12@XZ)" は未解決です。
openframeworksLib.lib(ofXml.obj) : error LNK2001: 外部シンボル ""public: unsigned int __thiscall pugi::xpath_node_set::size(void)const " (?size@xpath_node_set@pugi@@QBEIXZ)" は未解決です。
openframeworksLib.lib(ofXml.obj) : error LNK2001: 外部シンボル ""public: class pugi::xpath_node const & __thiscall pugi::xpath_node_set::operator[](unsigned int)const " (??Axpath_node_set@pugi@@QBEABVxpath_node@1@I@Z)" は未解決です。
openframeworksLib.lib(ofXml.obj) : error LNK2001: 外部シンボル ""public: class pugi::xpath_node const * __thiscall pugi::xpath_node_set::begin(void)const " (?begin@xpath_node_set@pugi@@QBEPBVxpath_node@2@XZ)" は未解決です。
openframeworksLib.lib(ofXml.obj) : error LNK2001: 外部シンボル ""public: class pugi::xpath_node const * __thiscall pugi::xpath_node_set::end(void)const " (?end@xpath_node_set@pugi@@QBEPBVxpath_node@2@XZ)" は未解決です。
openframeworksLib.lib(ofXml.obj) : error LNK2001: 外部シンボル ""public: void __thiscall pugi::xpath_node_set::sort(bool)" (?sort@xpath_node_set@pugi@@QAEX_N@Z)" は未解決です。
openframeworksLib.lib(ofXml.obj) : error LNK2001: 外部シンボル ""public: class pugi::xpath_node __thiscall pugi::xpath_node_set::first(void)const " (?first@xpath_node_set@pugi@@QBE?AVxpath_node@2@XZ)" は未解決です。
openframeworksLib.lib(ofXml.obj) : error LNK2001: 外部シンボル ""public: bool __thiscall pugi::xpath_node_set::empty(void)const " (?empty@xpath_node_set@pugi@@QBE_NXZ)" は未解決です。
bin\kiogood.exe : fatal error LNK1120: 115 件の未解決の外部参照
